
<dict>
	cocos2d.x.version: 2.2.1
	cocos2d.x.compiled_with_profiler: false
	cocos2d.x.compiled_with_gl_state_cache: true
	gl.vendor: Intel
	gl.renderer: Intel(R) HD Graphics Family
	gl.version: 3.1.0 - Build 8.15.10.2827
	gl.max_texture_size: 8192
	gl.max_texture_units: 16
	gl.supports_PVRTC: false
	gl.supports_NPOT: true
	gl.supports_BGRA8888: false
	gl.supports_discard_framebuffer: false
	gl.supports_vertex_array_object: true
</dict>
lua_loadChunksFromZIP() - load zip file: E:\cocos2d-x+lua\lua\item\engin\git\quick-cocos2d-x\lib\framework_precompiled\framework_precompiled.zip
lua_loadChunksFromZIP() - loaded chunks count: 29
------------------------------------------------
LOAD LUA FILE: F:/workspace/lua/2048/client/src//scripts/main.lua
------------------------------------------------
lua_loadChunksFromZIP() - load zip file: F:\workspace\lua\2048\client\src\res/script/framework_precompiled.zip
lua_loadChunksFromZIP() - loaded chunks count: 54
[0.1250] [INFO] 
[0.1254] [INFO] # DEBUG                        = 1
[0.1258] [INFO] #
[0.1263] [INFO] # device.platform              = windows
[0.1267] [INFO] # device.model                 = unknown
[0.1271] [INFO] # device.language              = cn
[0.1276] [INFO] # device.writablePath          = F:\workspace\lua\2048\client\src\\
[0.1284] [INFO] # device.cachePath             = F:\workspace\lua\2048\client\src\\
[0.1293] [INFO] # device.directorySeparator    = \
[0.1297] [INFO] # device.pathSeparator         = ;
[0.1301] [INFO] #
[0.1324] [INFO] # CONFIG_SCREEN_AUTOSCALE      = FIXED_HEIGHT
[0.1328] [INFO] # CONFIG_SCREEN_WIDTH          = 960.00
[0.1334] [INFO] # CONFIG_SCREEN_HEIGHT         = 640.00
[0.1344] [INFO] # display.widthInPixels        = 960.00
[0.1349] [INFO] # display.heightInPixels       = 640.00
[0.1353] [INFO] # display.contentScaleFactor   = 1.00
[0.1360] [INFO] # display.width                = 960.00
[0.1366] [INFO] # display.height               = 640.00
[0.1374] [INFO] # display.cx                   = 480.00
[0.1379] [INFO] # display.cy                   = 320.00
[0.1385] [INFO] # display.left                 = 0.00
[0.1391] [INFO] # display.right                = 960.00
[0.1396] [INFO] # display.top                  = 640.00
[0.1413] [INFO] # display.bottom               = 0.00
[0.1419] [INFO] # display.c_left               = -480.00
[0.1423] [INFO] # display.c_right              = 480.00
[0.1428] [INFO] # display.c_top                = 320.00
[0.1433] [INFO] # display.c_bottom             = -320.00
[0.1436] [INFO] #
[0.1931] [INFO] Scene "BaseScene:onEnter()"
[1.7125] 加载进度：, 50
[1.7291] 加载进度：, 100
[1.8971] [INFO] Scene "BaseScene:onExit()"
[1.8974] [INFO] ----------------------------------------
[1.8980] [INFO] LUA VM MEMORY USED: 1831.59 KB
cocos2d: "cc_fps_images" rc=4 id=2 256 x 32 @ 16 bpp => 16 KB
cocos2d: "F:\workspace\lua\2048\client\src\\res/image/Button02.png" rc=177 id=1 88 x 78 @ 32 bpp => 26 KB
cocos2d: "cc_2x2_white_image" rc=2 id=3 2 x 2 @ 32 bpp => 0 KB
cocos2d: CCTextureCache dumpDebugInfo: 3 textures, for 42 KB (0.04 MB)
[1.9005] [INFO] ----------------------------------------
[1.9027] [INFO] Scene "BaseScene:onEnter()"
[3.3490] 位置：, 13, 移动步数：, 0
[3.3507] 位置：, 7, 移动步数：, 0
[3.3526] 向左
[3.3535] 创建新的格子, 14
[3.3543] 创建新的格子, nil
[5.2048] 位置：, 14, 移动步数：, 0
[5.2062] 向左
[5.2066] 创建新的格子, 14
[5.2072] 创建新的格子, nil
[6.5495] 位置：, 6, 移动步数：, 0
[6.5521] 向左
[6.5526] 创建新的格子, 14
[6.5533] 创建新的格子, nil
[7.8736] 向右
[7.8754] 创建新的格子, 13
[7.8758] 创建新的格子, nil
[10.1962] [INFO] LUA VM MEMORY USED: 1868.69 KB
[10.6026] 位置：, 13, 移动步数：, 0
[10.6046] 位置：, 15, 移动步数：, 0
[10.6059] 位置：, 5, 移动步数：, 0
[10.6068] 位置：, 7, 移动步数：, 0
[10.6077] 向左
[10.6080] 创建新的格子, 12
[10.6085] 创建新的格子, nil
[12.2884] 位置：, 1, 移动步数：, 0
[12.2897] 向左
[12.2900] 创建新的格子, 11
[12.2905] 创建新的格子, nil
[13.8652] 位置：, 1, 移动步数：, 0
[13.8673] 向左
[13.8677] 创建新的格子, 11
[13.8682] 创建新的格子, nil
[14.6963] 向上
[14.6968] 位置：, 6, 移动步数：, 0
[14.6989] 位置：, 5, 移动步数：, 0
[14.7011] 位置：, 13, 移动步数：, 0
[14.7025] 位置：, 4, 移动步数：, 0
[14.7037] 位置：, 12, 移动步数：, 0
[14.7049] 创建新的格子, 12
[14.7052] 创建新的格子, nil
